[debug] [2025-11-25T08:43:09.045Z] ----------------------------------------------------------------------
[debug] [2025-11-25T08:43:09.047Z] Command:       C:\Program Files\nodejs\node.exe C:\Users\MS\AppData\Roaming\npm\node_modules\firebase-tools\lib\bin\firebase.js init
[debug] [2025-11-25T08:43:09.047Z] CLI Version:   14.26.0
[debug] [2025-11-25T08:43:09.047Z] Platform:      win32
[debug] [2025-11-25T08:43:09.047Z] Node Version:  v22.15.1
[debug] [2025-11-25T08:43:09.047Z] Time:          Tue Nov 25 2025 05:43:09 GMT-0300 (Horário Padrão de Brasília)
[debug] [2025-11-25T08:43:09.047Z] ----------------------------------------------------------------------
[debug] 
[debug] [2025-11-25T08:43:09.049Z] >>> [apiv2][query] GET https://firebase-public.firebaseio.com/cli.json [none]
[info] 
     ######## #### ########  ######## ########     ###     ######  ########
     ##        ##  ##     ## ##       ##     ##  ##   ##  ##       ##
     ######    ##  ########  ######   ########  #########  ######  ######
     ##        ##  ##    ##  ##       ##     ## ##     ##       ## ##
     ##       #### ##     ## ######## ########  ##     ##  ######  ########

You're about to initialize a Firebase project in this directory:

  C:\xampp\htdocs\riserunning

Before we get started, keep in mind:

  * You are currently outside your home directory

[debug] [2025-11-25T08:43:09.398Z] <<< [apiv2][status] GET https://firebase-public.firebaseio.com/cli.json 200
[debug] [2025-11-25T08:43:09.398Z] <<< [apiv2][body] GET https://firebase-public.firebaseio.com/cli.json {"cloudBuildErrorAfter":1594252800000,"cloudBuildWarnAfter":1590019200000,"defaultNode10After":1594252800000,"minVersion":"3.0.5","node8DeploysDisabledAfter":1613390400000,"node8RuntimeDisabledAfter":1615809600000,"node8WarnAfter":1600128000000}
[info] 
=== Project Setup
[info] 
[info] First, let's associate this project directory with a Firebase project.
[info] You can create multiple project aliases by running firebase use --add, 
[info] 
[debug] [2025-11-25T08:43:43.842Z] > command requires scopes: ["email","openid","https://www.googleapis.com/auth/cloudplatformprojects.readonly","https://www.googleapis.com/auth/firebase","https://www.googleapis.com/auth/cloud-platform"]
[debug] [2025-11-25T08:43:43.842Z] > authorizing via signed-in user (guilhermevcourte@gmail.com)
[debug] [2025-11-25T08:43:43.844Z] Checked if tokens are valid: false, expires at: 1758157773486
[debug] [2025-11-25T08:43:43.845Z] Checked if tokens are valid: false, expires at: 1758157773486
[debug] [2025-11-25T08:43:43.845Z] > refreshing access token with scopes: []
[debug] [2025-11-25T08:43:43.846Z] >>> [apiv2][query] POST https://www.googleapis.com/oauth2/v3/token [none]
[debug] [2025-11-25T08:43:43.846Z] >>> [apiv2][body] POST https://www.googleapis.com/oauth2/v3/token [omitted]
[debug] [2025-11-25T08:43:44.015Z] <<< [apiv2][status] POST https://www.googleapis.com/oauth2/v3/token 200
[debug] [2025-11-25T08:43:44.015Z] <<< [apiv2][body] POST https://www.googleapis.com/oauth2/v3/token [omitted]
[debug] [2025-11-25T08:43:44.029Z] >>> [apiv2][query] GET https://firebase.googleapis.com/v1beta1/projects pageSize=100
[debug] [2025-11-25T08:43:45.018Z] <<< [apiv2][status] GET https://firebase.googleapis.com/v1beta1/projects 200
[debug] [2025-11-25T08:43:45.019Z] <<< [apiv2][body] GET https://firebase.googleapis.com/v1beta1/projects [omitted]
[info] 
=== Hosting Setup
[debug] [2025-11-25T08:43:48.143Z] Checked if tokens are valid: true, expires at: 1764063823015
[debug] [2025-11-25T08:43:48.143Z] Checked if tokens are valid: true, expires at: 1764063823015
[debug] [2025-11-25T08:43:48.144Z] >>> [apiv2][query] GET https://firebase.googleapis.com/v1beta1/projects/rise-running [none]
[debug] [2025-11-25T08:43:48.463Z] <<< [apiv2][status] GET https://firebase.googleapis.com/v1beta1/projects/rise-running 200
[debug] [2025-11-25T08:43:48.463Z] <<< [apiv2][body] GET https://firebase.googleapis.com/v1beta1/projects/rise-running {"projectId":"rise-running","projectNumber":"482322943140","displayName":"riserunning","name":"projects/rise-running","resources":{"hostingSite":"rise-running"},"state":"ACTIVE","etag":"1_69ede8f6-72e2-4089-a324-2a901b81f46b"}
[info] 
[info] Your public directory is the folder (relative to your project directory) that
[info] will contain Hosting assets to be uploaded with firebase deploy. If you
[info] have a build process for your assets, use your build's output directory.
[info] 
[info] 
[info] i  Didn't detect a .git folder. Assuming C:\xampp\htdocs\riserunning is the project root. 
[info] i  Authorizing with GitHub to upload your service account to a GitHub repository's secrets store. 
[info] 
[info] Visit this URL on this device to log in:
[info] https://github.com/login/oauth/authorize?client_id=89cf50f02ac6aaed3484&state=444045215&redirect_uri=http%3A%2F%2Flocalhost%3A9005&scope=read%3Auser%20repo%20public_repo
[info] 
[info] Waiting for authentication...
[debug] [2025-11-25T08:44:09.393Z] >>> [apiv2][query] POST https://github.com/login/oauth/access_token [none]
[debug] [2025-11-25T08:44:09.393Z] >>> [apiv2][body] POST https://github.com/login/oauth/access_token [stream]
[debug] [2025-11-25T08:44:09.666Z] <<< [apiv2][status] POST https://github.com/login/oauth/access_token 200
[debug] [2025-11-25T08:44:09.667Z] <<< [apiv2][body] POST https://github.com/login/oauth/access_token {"access_token":"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","token_type":"bearer","scope":"read:user,repo"}
[debug] [2025-11-25T08:44:09.668Z] >>> [apiv2][query] GET https://api.github.com/user [none]
[debug] [2025-11-25T08:44:09.960Z] <<< [apiv2][status] GET https://api.github.com/user 200
[debug] [2025-11-25T08:44:09.960Z] <<< [apiv2][body] GET https://api.github.com/user {"login":"GuilhermeCourte","id":88457904,"node_id":"MDQ6VXNlcjg4NDU3OTA0","avatar_url":"https://avatars.githubusercontent.com/u/88457904?v=4","gravatar_id":"","url":"https://api.github.com/users/GuilhermeCourte","html_url":"https://github.com/GuilhermeCourte","followers_url":"https://api.github.com/users/GuilhermeCourte/followers","following_url":"https://api.github.com/users/GuilhermeCourte/following{/other_user}","gists_url":"https://api.github.com/users/GuilhermeCourte/gists{/gist_id}","starred_url":"https://api.github.com/users/GuilhermeCourte/starred{/owner}{/repo}","subscriptions_url":"https://api.github.com/users/GuilhermeCourte/subscriptions","organizations_url":"https://api.github.com/users/GuilhermeCourte/orgs","repos_url":"https://api.github.com/users/GuilhermeCourte/repos","events_url":"https://api.github.com/users/GuilhermeCourte/events{/privacy}","received_events_url":"https://api.github.com/users/GuilhermeCourte/received_events","type":"User","user_view_type":"private","site_admin":false,"name":"Guilherme Courté","company":null,"blog":"","location":null,"email":null,"hireable":null,"bio":null,"twitter_username":null,"notification_email":null,"public_repos":9,"public_gists":0,"followers":1,"following":1,"created_at":"2021-08-04T19:24:05Z","updated_at":"2025-11-16T22:59:34Z","private_gists":0,"total_private_repos":7,"owned_private_repos":7,"disk_usage":138581,"collaborators":1,"two_factor_authentication":false,"plan":{"name":"free","space":976562499,"collaborators":0,"private_repos":10000}}
[info] 
[info] +  Success! Logged into GitHub as GuilhermeCourte 
[info] 
[debug] [2025-11-25T08:44:30.442Z] >>> [apiv2][query] GET https://api.github.com/repos//actions/secrets/public-key type=owner
[debug] [2025-11-25T08:44:30.610Z] <<< [apiv2][status] GET https://api.github.com/repos//actions/secrets/public-key 404
[debug] [2025-11-25T08:44:30.610Z] <<< [apiv2][body] GET https://api.github.com/repos//actions/secrets/public-key {"message":"Not Found","documentation_url":"https://docs.github.com/rest","status":"404"}
[info] 
[info] 
[error] !  The provided authorization cannot be used with this repository. If this repository is in an organization, did you remember to grant access? 
[info] 
[info] i  Action required: Visit this URL to ensure access has been granted to the appropriate organization(s) for the Firebase CLI GitHub OAuth App: 
[info] https://github.com/settings/connections/applications/89cf50f02ac6aaed3484
[info] 
